usage: submit_widefield.py [-h] --db_section DB_SECTION [--user USER]
                           [--paramfile PARAMFILE] [--csv CSV]
                           [--exclude_list EXCLUDE_LIST]
                           [--delimiter DELIMITER] --campaign CAMPAIGN
                           [--savefiles] [--queue_size QUEUE_SIZE]
                           [--total_queue] [--labels LABELS]
                           [--template_name TEMPLATE_NAME]
                           [--configfile CONFIGFILE] [--out OUT] [--auto]
                           [--resubmit_failed] [--resubmit_max RESUBMIT_MAX]
                           [--ignore_processed] [--wait WAIT] --target_site
                           TARGET_SITE [--http_section HTTP_SECTION]
                           [--archive_name ARCHIVE_NAME] [--project PROJECT]
                           [--rundir RUNDIR] [--http HTTP]
                           [--jira_parent JIRA_PARENT]
                           [--jira_description JIRA_DESCRIPTION]
                           [--jira_project JIRA_PROJECT]
                           [--jira_summary JIRA_SUMMARY]
                           [--jira_user JIRA_USER]
                           [--jira_section JIRA_SECTION] [--ignore_jira]
                           [--reqnum REQNUM] --eups_stack EUPS_STACK
                           [EUPS_STACK ...] [--ccdnum CCDNUM] [--nite NITE]
                           [--niterange NITERANGE [NITERANGE ...]]
                           [--RA RA [RA ...]] [--Dec DEC [DEC ...]]
                           [--epoch EPOCH] [--inputcals_file INPUTCALS_FILE]
                           [--time_to_live TIME_TO_LIVE] [--nginx]
                           [--request_memory REQUEST_MEMORY]
                           [--request_disk REQUEST_DISK]
                           [--request_cpus REQUEST_CPUS] [--after_merge]
                           [--count] [--expnum EXPNUM] [--list LIST]
                           [--exptag EXPTAG] [--calnite CALNITE]
                           [--calrun CALRUN] [--caltag CALTAG]
                           [--propid PROPID] [--program PROGRAM]
                           [--process_all]
submit_widefield.py: error: File not found: y4a1.finalcut.param
Collecting data...
